Using pre-set license
Built from '2022.3/staging' branch; Version is '2022.3.39f1 (4e1b0f82c39a) revision 5118735'; Using compiler version '192829333'; Build Type 'Release'
OS: 'Windows 11  (10.0.26100) 64bit Professional' Language: 'es' Physical Memory: 32635 MB
BatchMode: 1, IsHumanControllingUs: 0, StartBugReporterOnCrash: 0, Is64bit: 1, IsPro: 1

COMMAND LINE ARGUMENTS:
D:\Programas\Unity\Hub\Editor\2022.3.39f1\Editor\Unity.exe
-adb2
-batchMode
-noUpm
-name
AssetImportWorker5
-projectPath
D:/Respaldo Disco/UdeA/Videojuego Diseno Grafico/Final
-logFile
Logs/AssetImportWorker5.log
-srvPort
51265
Successfully changed project path to: D:/Respaldo Disco/UdeA/Videojuego Diseno Grafico/Final
D:/Respaldo Disco/UdeA/Videojuego Diseno Grafico/Final
[UnityMemory] Configuration Parameters - Can be set up in boot.config
    "memorysetup-bucket-allocator-granularity=16"
    "memorysetup-bucket-allocator-bucket-count=8"
    "memorysetup-bucket-allocator-block-size=33554432"
    "memorysetup-bucket-allocator-block-count=8"
    "memorysetup-main-allocator-block-size=16777216"
    "memorysetup-thread-allocator-block-size=16777216"
    "memorysetup-gfx-main-allocator-block-size=16777216"
    "memorysetup-gfx-thread-allocator-block-size=16777216"
    "memorysetup-cache-allocator-block-size=4194304"
    "memorysetup-typetree-allocator-block-size=2097152"
    "memorysetup-profiler-bucket-allocator-granularity=16"
    "memorysetup-profiler-bucket-allocator-bucket-count=8"
    "memorysetup-profiler-bucket-allocator-block-size=33554432"
    "memorysetup-profiler-bucket-allocator-block-count=8"
    "memorysetup-profiler-allocator-block-size=16777216"
    "memorysetup-profiler-editor-allocator-block-size=1048576"
    "memorysetup-temp-allocator-size-main=16777216"
    "memorysetup-job-temp-allocator-block-size=2097152"
    "memorysetup-job-temp-allocator-block-size-background=1048576"
    "memorysetup-job-temp-allocator-reduction-small-platforms=262144"
    "memorysetup-allocator-temp-initial-block-size-main=262144"
    "memorysetup-allocator-temp-initial-block-size-worker=262144"
    "memorysetup-temp-allocator-size-background-worker=32768"
    "memorysetup-temp-allocator-size-job-worker=262144"
    "memorysetup-temp-allocator-size-preload-manager=33554432"
    "memorysetup-temp-allocator-size-nav-mesh-worker=65536"
    "memorysetup-temp-allocator-size-audio-worker=65536"
    "memorysetup-temp-allocator-size-cloud-worker=32768"
    "memorysetup-temp-allocator-size-gi-baking-worker=262144"
    "memorysetup-temp-allocator-size-gfx=262144"
Player connection [7316]  Target information:

Player connection [7316]  * "[IP] 192.168.1.77 [Port] 0 [Flags] 2 [Guid] 1660695240 [EditorId] 1660695240 [Version] 1048832 [Id] WindowsEditor(7,DESKTOP-43EBNDT) [Debug] 1 [PackageName] WindowsEditor [ProjectName] Editor" 

Player connection [7316]  * "[IP] 192.168.1.78 [Port] 0 [Flags] 2 [Guid] 1660695240 [EditorId] 1660695240 [Version] 1048832 [Id] WindowsEditor(7,DESKTOP-43EBNDT) [Debug] 1 [PackageName] WindowsEditor [ProjectName] Editor" 

Player connection [7316] Host joined multi-casting on [225.0.0.222:54997]...
Player connection [7316] Host joined alternative multi-casting on [225.0.0.222:34997]...
[PhysX] Initialized MultithreadedTaskDispatcher with 12 workers.
Refreshing native plugins compatible for Editor in 14.54 ms, found 3 plugins.
Preloading 0 native plugins for Editor in 0.00 ms.
Initialize engine version: 2022.3.39f1 (4e1b0f82c39a)
[Subsystems] Discovering subsystems at path D:/Programas/Unity/Hub/Editor/2022.3.39f1/Editor/Data/Resources/UnitySubsystems
[Subsystems] Discovering subsystems at path D:/Respaldo Disco/UdeA/Videojuego Diseno Grafico/Final/Assets
GfxDevice: creating device client; threaded=0; jobified=0
Direct3D:
    Version:  Direct3D 11.0 [level 11.1]
    Renderer: AMD Radeon RX 6600 (ID=0x73ff)
    Vendor:   ATI
    VRAM:     8121 MB
    Driver:   32.0.12033.1030
Initialize mono
Mono path[0] = 'D:/Programas/Unity/Hub/Editor/2022.3.39f1/Editor/Data/Managed'
Mono path[1] = 'D:/Programas/Unity/Hub/Editor/2022.3.39f1/Editor/Data/MonoBleedingEdge/lib/mono/unityjit-win32'
Mono config path = 'D:/Programas/Unity/Hub/Editor/2022.3.39f1/Editor/Data/MonoBleedingEdge/etc'
Using monoOptions --debugger-agent=transport=dt_socket,embedding=1,server=y,suspend=n,address=127.0.0.1:56396
Begin MonoManager ReloadAssembly
Registering precompiled unity dll's ...
Register platform support module: D:/Programas/Unity/Hub/Editor/2022.3.39f1/Editor/Data/PlaybackEngines/WindowsStandaloneSupport/UnityEditor.WindowsStandalone.Extensions.dll
Registered in 0.004437 seconds.
- Loaded All Assemblies, in  0.269 seconds
Native extension for WindowsStandalone target not found
Mono: successfully reloaded assembly
- Finished resetting the current domain, in  0.228 seconds
Domain Reload Profiling: 497ms
	BeginReloadAssembly (88ms)
		ExecutionOrderSort (0ms)
		DisableScriptedObjects (0ms)
		BackupInstance (0ms)
		ReleaseScriptingObjects (0ms)
		CreateAndSetChildDomain (1ms)
	RebuildCommonClasses (27ms)
	RebuildNativeTypeToScriptingClass (9ms)
	initialDomainReloadingComplete (42ms)
	LoadAllAssembliesAndSetupDomain (102ms)
		LoadAssemblies (88ms)
		RebuildTransferFunctionScriptingTraits (0ms)
		AnalyzeDomain (100ms)
			TypeCache.Refresh (99ms)
				TypeCache.ScanAssembly (88ms)
			ScanForSourceGeneratedMonoScriptInfo (0ms)
			ResolveRequiredComponents (0ms)
	FinalizeReload (228ms)
		ReleaseScriptCaches (0ms)
		RebuildScriptCaches (0ms)
		SetupLoadedEditorAssemblies (181ms)
			LogAssemblyErrors (0ms)
			InitializePlatformSupportModulesInManaged (7ms)
			SetLoadedEditorAssemblies (6ms)
			RefreshPlugins (0ms)
			BeforeProcessingInitializeOnLoad (2ms)
			ProcessInitializeOnLoadAttributes (126ms)
			ProcessInitializeOnLoadMethodAttributes (39ms)
			AfterProcessingInitializeOnLoad (0ms)
			EditorAssembliesLoaded (0ms)
		ExecutionOrderSort2 (0ms)
		AwakeInstancesAfterBackupRestoration (0ms)
========================================================================
Worker process is ready to serve import requests
Begin MonoManager ReloadAssembly
- Loaded All Assemblies, in  0.587 seconds
Refreshing native plugins compatible for Editor in 3.56 ms, found 3 plugins.
Native extension for WindowsStandalone target not found
Package Manager log level set to [2]
[Package Manager] Server::EnsureServerProcessIsRunning -- launch failed, reason: Unity was launched with the -noUpm command-line argument
[Package Manager] UpmClient::Send -- Unable to send message (not connected to UPM process).
[Package Manager] Cannot connect to Unity Package Manager local server
Mono: successfully reloaded assembly
- Finished resetting the current domain, in  0.690 seconds
Domain Reload Profiling: 1277ms
	BeginReloadAssembly (119ms)
		ExecutionOrderSort (0ms)
		DisableScriptedObjects (4ms)
		BackupInstance (0ms)
		ReleaseScriptingObjects (0ms)
		CreateAndSetChildDomain (18ms)
	RebuildCommonClasses (27ms)
	RebuildNativeTypeToScriptingClass (8ms)
	initialDomainReloadingComplete (32ms)
	LoadAllAssembliesAndSetupDomain (402ms)
		LoadAssemblies (259ms)
		RebuildTransferFunctionScriptingTraits (0ms)
		AnalyzeDomain (212ms)
			TypeCache.Refresh (175ms)
				TypeCache.ScanAssembly (163ms)
			ScanForSourceGeneratedMonoScriptInfo (22ms)
			ResolveRequiredComponents (12ms)
	FinalizeReload (690ms)
		ReleaseScriptCaches (0ms)
		RebuildScriptCaches (0ms)
		SetupLoadedEditorAssemblies (553ms)
			LogAssemblyErrors (0ms)
			InitializePlatformSupportModulesInManaged (4ms)
			SetLoadedEditorAssemblies (3ms)
			RefreshPlugins (0ms)
			BeforeProcessingInitializeOnLoad (62ms)
			ProcessInitializeOnLoadAttributes (423ms)
			ProcessInitializeOnLoadMethodAttributes (59ms)
			AfterProcessingInitializeOnLoad (2ms)
			EditorAssembliesLoaded (0ms)
		ExecutionOrderSort2 (0ms)
		AwakeInstancesAfterBackupRestoration (7ms)
Launched and connected shader compiler UnityShaderCompiler.exe after 0.10 seconds
Refreshing native plugins compatible for Editor in 3.82 ms, found 3 plugins.
Preloading 0 native plugins for Editor in 0.00 ms.
Unloading 6320 Unused Serialized files (Serialized files now loaded: 0)
Unloading 116 unused Assets / (0.8 MB). Loaded Objects now: 6769.
Memory consumption went from 271.1 MB to 270.3 MB.
Total: 3.792800 ms (FindLiveObjects: 0.398500 ms CreateObjectMapping: 0.346100 ms MarkObjects: 2.666800 ms  DeleteObjects: 0.380100 ms)

AssetImportParameters requested are different than current active one (requested -> active):
  custom:container-demuxer-ogg: 62fdf1f143b41e24485cea50d1cbac27 -> 
  custom:framework-win-MediaFoundation: 216162199b28c13a410421893ffa2e32 -> 
  custom:container-muxer-webm: aa71ff27fc2769a1b78a27578f13a17b -> 
  custom:video-decoder-webm-vp8: 9c59270c3fd7afecdb556c50c9e8de78 -> 
  custom:SearchIndexIgnoredProperties: e643bd26f0fe6173181afceb89e7c659 -> 
  custom:AudioImporter_EditorPlatform: d09bf68614088b80899f8185d706f6e7 -> 
  custom:audio-decoder-ogg-vorbis: bf7c407c2cedff20999df2af8eb42d56 -> 
  custom:audio-encoder-webm-vorbis: bf7c407c2cedff20999df2af8eb42d56 -> 
  custom:video-decoder-ogg-theora: a1e56fd34408186e4bbccfd4996cb3dc -> 
  custom:CustomObjectIndexerAttribute: 72b91833f83ae208fae7752999fa3104 -> 
  custom:container-demuxer-webm: 4f35f7cbe854078d1ac9338744f61a02 -> 
  custom:video-encoder-webm-vp8: eb34c28f22e8b96e1ab97ce403110664 -> 
========================================================================
Received Import Request.
  Time since last request: 652554.200654 seconds.
  path: Assets/Malbers Animations/Common/Human Anims/Fly/S_Fly_Dash_Land.fbx
  artifactKey: Guid(f2fa0b5f68075c040a77429f1d080bf1) Importer(815301076,1909f56bfc062723c751e8b465ee728b)
Start importing Assets/Malbers Animations/Common/Human Anims/Fly/S_Fly_Dash_Land.fbx using Guid(f2fa0b5f68075c040a77429f1d080bf1) Importer(815301076,1909f56bfc062723c751e8b465ee728b) [PhysX] Initialized MultithreadedTaskDispatcher with 12 workers.
 -> (artifact id: 'e11b11ec684d6c4df060a4ee0fc74815') in 0.030376 seconds
Number of updated asset objects reloaded before import = 0
Number of asset objects unloaded after import = 115
========================================================================
Received Import Request.
  Time since last request: 0.000011 seconds.
  path: Assets/Malbers Animations/Common/Human Anims/Fly/S_Fly_Forward_Down.fbx
  artifactKey: Guid(1a65763e014f03e4e895ecd64969576e) Importer(815301076,1909f56bfc062723c751e8b465ee728b)
Start importing Assets/Malbers Animations/Common/Human Anims/Fly/S_Fly_Forward_Down.fbx using Guid(1a65763e014f03e4e895ecd64969576e) Importer(815301076,1909f56bfc062723c751e8b465ee728b) [PhysX] Initialized MultithreadedTaskDispatcher with 12 workers.
 -> (artifact id: '0d198f218c7d5fdff8c19c079c822d2d') in 0.005161 seconds
Number of updated asset objects reloaded before import = 0
Number of asset objects unloaded after import = 115
========================================================================
Received Import Request.
  Time since last request: 0.000016 seconds.
  path: Assets/Malbers Animations/Common/Human Anims/Fly/S_Fly_Dodge_Back.fbx
  artifactKey: Guid(39c8b362c3ae2b44c8a3164f70347f98) Importer(815301076,1909f56bfc062723c751e8b465ee728b)
Start importing Assets/Malbers Animations/Common/Human Anims/Fly/S_Fly_Dodge_Back.fbx using Guid(39c8b362c3ae2b44c8a3164f70347f98) Importer(815301076,1909f56bfc062723c751e8b465ee728b) [PhysX] Initialized MultithreadedTaskDispatcher with 12 workers.
 -> (artifact id: 'a59f261c899d0d5c5674692b1b565892') in 0.006227 seconds
Number of updated asset objects reloaded before import = 0
Number of asset objects unloaded after import = 115
========================================================================
Received Import Request.
  Time since last request: 0.000022 seconds.
  path: Assets/Malbers Animations/Common/Human Anims/Fly/S_Fly_Dodge_Stand_Right.fbx
  artifactKey: Guid(669cabc2bc2d98c4e9d71d7166c16d65) Importer(815301076,1909f56bfc062723c751e8b465ee728b)
Start importing Assets/Malbers Animations/Common/Human Anims/Fly/S_Fly_Dodge_Stand_Right.fbx using Guid(669cabc2bc2d98c4e9d71d7166c16d65) Importer(815301076,1909f56bfc062723c751e8b465ee728b) [PhysX] Initialized MultithreadedTaskDispatcher with 12 workers.
 -> (artifact id: '1ff00b1ddfc45f3047745e3a60f517ed') in 0.003954 seconds
Number of updated asset objects reloaded before import = 0
Number of asset objects unloaded after import = 115
========================================================================
Received Import Request.
  Time since last request: 0.000013 seconds.
  path: Assets/Malbers Animations/Common/Human Anims/Fly/S_Fly_Forward_Up.fbx
  artifactKey: Guid(d24e68f8a37ffe04da7e452cb32afbd6) Importer(815301076,1909f56bfc062723c751e8b465ee728b)
Start importing Assets/Malbers Animations/Common/Human Anims/Fly/S_Fly_Forward_Up.fbx using Guid(d24e68f8a37ffe04da7e452cb32afbd6) Importer(815301076,1909f56bfc062723c751e8b465ee728b) [PhysX] Initialized MultithreadedTaskDispatcher with 12 workers.
 -> (artifact id: '86aa8e124df5cb2eaeb352e2d8fb3f50') in 0.005492 seconds
Number of updated asset objects reloaded before import = 0
Number of asset objects unloaded after import = 115
========================================================================
Received Import Request.
  Time since last request: 46.353516 seconds.
  path: Assets/Malbers Animations/Common/Human Anims/Weapons/Sword_OneHand/H_Sword_Attack_Aereal_03.fbx
  artifactKey: Guid(019ef5eef633003468f82dbcf573cb0c) Importer(815301076,1909f56bfc062723c751e8b465ee728b)
Start importing Assets/Malbers Animations/Common/Human Anims/Weapons/Sword_OneHand/H_Sword_Attack_Aereal_03.fbx using Guid(019ef5eef633003468f82dbcf573cb0c) Importer(815301076,1909f56bfc062723c751e8b465ee728b) [PhysX] Initialized MultithreadedTaskDispatcher with 12 workers.
 -> (artifact id: 'e957b45052e848a9d61bc704d117c565') in 0.004510 seconds
Number of updated asset objects reloaded before import = 0
Number of asset objects unloaded after import = 115
========================================================================
Received Import Request.
  Time since last request: 0.000013 seconds.
  path: Assets/Malbers Animations/Common/Human Anims/Weapons/Sword_OneHand/Human_SwordOneHand_Stab.fbx
  artifactKey: Guid(ed9a78390621388468117b7206ffee65) Importer(815301076,1909f56bfc062723c751e8b465ee728b)
Start importing Assets/Malbers Animations/Common/Human Anims/Weapons/Sword_OneHand/Human_SwordOneHand_Stab.fbx using Guid(ed9a78390621388468117b7206ffee65) Importer(815301076,1909f56bfc062723c751e8b465ee728b) [PhysX] Initialized MultithreadedTaskDispatcher with 12 workers.
 -> (artifact id: '9443c22ac72e013df28a37a2f7e17b64') in 0.003859 seconds
Number of updated asset objects reloaded before import = 0
Number of asset objects unloaded after import = 115
========================================================================
Received Import Request.
  Time since last request: 0.000013 seconds.
  path: Assets/Malbers Animations/Common/Human Anims/Weapons/Sword_OneHand/Human_SwordOneHand_360.fbx
  artifactKey: Guid(7ac43bd9807816846a0798fba21e396e) Importer(815301076,1909f56bfc062723c751e8b465ee728b)
Start importing Assets/Malbers Animations/Common/Human Anims/Weapons/Sword_OneHand/Human_SwordOneHand_360.fbx using Guid(7ac43bd9807816846a0798fba21e396e) Importer(815301076,1909f56bfc062723c751e8b465ee728b) [PhysX] Initialized MultithreadedTaskDispatcher with 12 workers.
 -> (artifact id: 'eb37edca08c279f842cd58f9ae574a8a') in 0.004357 seconds
Number of updated asset objects reloaded before import = 0
Number of asset objects unloaded after import = 115
========================================================================
Received Import Request.
  Time since last request: 59.067530 seconds.
  path: Assets/Malbers Animations/Common/Human Anims/Attacks/H_Punching Right.fbx
  artifactKey: Guid(8176fe6872f8e6a4ebfdacb646a6a79f) Importer(815301076,1909f56bfc062723c751e8b465ee728b)
Start importing Assets/Malbers Animations/Common/Human Anims/Attacks/H_Punching Right.fbx using Guid(8176fe6872f8e6a4ebfdacb646a6a79f) Importer(815301076,1909f56bfc062723c751e8b465ee728b) [PhysX] Initialized MultithreadedTaskDispatcher with 12 workers.
 -> (artifact id: '272f39eea1a9c6e1f04cd7db0da05038') in 0.005103 seconds
Number of updated asset objects reloaded before import = 0
Number of asset objects unloaded after import = 116
========================================================================
Received Import Request.
  Time since last request: 37.964724 seconds.
  path: Assets/Malbers Animations/Common/Human Anims/Actions/S_OpenChest.fbx
  artifactKey: Guid(c03ad2cc93103444aae494ea3e26d28f) Importer(815301076,1909f56bfc062723c751e8b465ee728b)
Start importing Assets/Malbers Animations/Common/Human Anims/Actions/S_OpenChest.fbx using Guid(c03ad2cc93103444aae494ea3e26d28f) Importer(815301076,1909f56bfc062723c751e8b465ee728b) [PhysX] Initialized MultithreadedTaskDispatcher with 12 workers.
 -> (artifact id: 'a9a325bd3be4ef177ba919a24faef025') in 0.005797 seconds
Number of updated asset objects reloaded before import = 0
Number of asset objects unloaded after import = 115
========================================================================
Received Import Request.
  Time since last request: 0.000015 seconds.
  path: Assets/Malbers Animations/Common/Human Anims/Actions/S_OpenDoor.fbx
  artifactKey: Guid(a3ff7008b59bde64aabddb2c3538aff3) Importer(815301076,1909f56bfc062723c751e8b465ee728b)
Start importing Assets/Malbers Animations/Common/Human Anims/Actions/S_OpenDoor.fbx using Guid(a3ff7008b59bde64aabddb2c3538aff3) Importer(815301076,1909f56bfc062723c751e8b465ee728b) [PhysX] Initialized MultithreadedTaskDispatcher with 12 workers.
 -> (artifact id: 'fca7191211a909513c5b16643fc28b2d') in 0.004554 seconds
Number of updated asset objects reloaded before import = 0
Number of asset objects unloaded after import = 115
========================================================================
Received Import Request.
  Time since last request: 0.000013 seconds.
  path: Assets/Malbers Animations/Common/Human Anims/Actions/S_PickAxe_Mine.fbx
  artifactKey: Guid(82b8009a9d3a4834bbd7bbaa0d8618d2) Importer(815301076,1909f56bfc062723c751e8b465ee728b)
Start importing Assets/Malbers Animations/Common/Human Anims/Actions/S_PickAxe_Mine.fbx using Guid(82b8009a9d3a4834bbd7bbaa0d8618d2) Importer(815301076,1909f56bfc062723c751e8b465ee728b) [PhysX] Initialized MultithreadedTaskDispatcher with 12 workers.
 -> (artifact id: 'b5ee477a926798f8b6b7fc2b6b5dbc3c') in 0.005286 seconds
Number of updated asset objects reloaded before import = 0
Number of asset objects unloaded after import = 117
========================================================================
Received Import Request.
  Time since last request: 26.629496 seconds.
  path: Assets/Malbers Animations/Common/Human Anims/Crouch/S_Crouch_Run_Forward.fbx
  artifactKey: Guid(4aef58d92abb6dc4199a87cd13caa35d) Importer(815301076,1909f56bfc062723c751e8b465ee728b)
Start importing Assets/Malbers Animations/Common/Human Anims/Crouch/S_Crouch_Run_Forward.fbx using Guid(4aef58d92abb6dc4199a87cd13caa35d) Importer(815301076,1909f56bfc062723c751e8b465ee728b) [PhysX] Initialized MultithreadedTaskDispatcher with 12 workers.
 -> (artifact id: 'ab73a0bd1db8d875227256c5f1d48782') in 0.004094 seconds
Number of updated asset objects reloaded before import = 0
Number of asset objects unloaded after import = 115
========================================================================
Received Import Request.
  Time since last request: 0.000016 seconds.
  path: Assets/Malbers Animations/Common/Human Anims/Crouch/S_Crouch_Strafe_SW_IP.fbx
  artifactKey: Guid(b16fce56bb1df51419b841cc0920b58a) Importer(815301076,1909f56bfc062723c751e8b465ee728b)
Start importing Assets/Malbers Animations/Common/Human Anims/Crouch/S_Crouch_Strafe_SW_IP.fbx using Guid(b16fce56bb1df51419b841cc0920b58a) Importer(815301076,1909f56bfc062723c751e8b465ee728b) [PhysX] Initialized MultithreadedTaskDispatcher with 12 workers.
 -> (artifact id: 'fb96c74202ac48682159454b592ca40a') in 0.005344 seconds
Number of updated asset objects reloaded before import = 0
Number of asset objects unloaded after import = 115
========================================================================
Received Import Request.
  Time since last request: 0.000024 seconds.
  path: Assets/Malbers Animations/Common/Human Anims/Crouch/S_Crouch_Strafe_SE_IP.fbx
  artifactKey: Guid(1b297af61c750674a95babff44bad6e0) Importer(815301076,1909f56bfc062723c751e8b465ee728b)
Start importing Assets/Malbers Animations/Common/Human Anims/Crouch/S_Crouch_Strafe_SE_IP.fbx using Guid(1b297af61c750674a95babff44bad6e0) Importer(815301076,1909f56bfc062723c751e8b465ee728b) [PhysX] Initialized MultithreadedTaskDispatcher with 12 workers.
 -> (artifact id: '02ad07ffa369a6fee3efe60c6f8adafe') in 0.004396 seconds
Number of updated asset objects reloaded before import = 0
Number of asset objects unloaded after import = 115
========================================================================
Received Import Request.
  Time since last request: 0.000012 seconds.
  path: Assets/Malbers Animations/Common/Human Anims/Crouch/S_Crouch_Strafe_S_IP.fbx
  artifactKey: Guid(c37c4ba265ad5b742b863a812343a08f) Importer(815301076,1909f56bfc062723c751e8b465ee728b)
Start importing Assets/Malbers Animations/Common/Human Anims/Crouch/S_Crouch_Strafe_S_IP.fbx using Guid(c37c4ba265ad5b742b863a812343a08f) Importer(815301076,1909f56bfc062723c751e8b465ee728b) [PhysX] Initialized MultithreadedTaskDispatcher with 12 workers.
 -> (artifact id: 'e53d81f016d49b1b3329639a7434065a') in 0.004155 seconds
Number of updated asset objects reloaded before import = 0
Number of asset objects unloaded after import = 115
========================================================================
Received Import Request.
  Time since last request: 0.000018 seconds.
  path: Assets/Malbers Animations/Common/Human Anims/Crouch/S_Crouch_Strafe_E.fbx
  artifactKey: Guid(10ed070a63c356546b17966ceeca9a4a) Importer(815301076,1909f56bfc062723c751e8b465ee728b)
Start importing Assets/Malbers Animations/Common/Human Anims/Crouch/S_Crouch_Strafe_E.fbx using Guid(10ed070a63c356546b17966ceeca9a4a) Importer(815301076,1909f56bfc062723c751e8b465ee728b) [PhysX] Initialized MultithreadedTaskDispatcher with 12 workers.
 -> (artifact id: '47a8bc891ca37dd1e8e8f14d26aa1197') in 0.005708 seconds
Number of updated asset objects reloaded before import = 0
Number of asset objects unloaded after import = 115
========================================================================
Received Import Request.
  Time since last request: 0.000015 seconds.
  path: Assets/Malbers Animations/Common/Human Anims/Crouch/S_Crouch_Strafe_E_IP.fbx
  artifactKey: Guid(894aa39c14c54c04ba2f71b6881c76b0) Importer(815301076,1909f56bfc062723c751e8b465ee728b)
Start importing Assets/Malbers Animations/Common/Human Anims/Crouch/S_Crouch_Strafe_E_IP.fbx using Guid(894aa39c14c54c04ba2f71b6881c76b0) Importer(815301076,1909f56bfc062723c751e8b465ee728b) [PhysX] Initialized MultithreadedTaskDispatcher with 12 workers.
 -> (artifact id: '20882ab9ce3c2c44595669f85e8df083') in 0.004229 seconds
Number of updated asset objects reloaded before import = 0
Number of asset objects unloaded after import = 115
========================================================================
Received Import Request.
  Time since last request: 0.000015 seconds.
  path: Assets/Malbers Animations/Common/Human Anims/Crouch/S_Crouch_Strafe_NE_IP.fbx
  artifactKey: Guid(7885cbc3c99db904f8cbcbef82df1a0e) Importer(815301076,1909f56bfc062723c751e8b465ee728b)
Start importing Assets/Malbers Animations/Common/Human Anims/Crouch/S_Crouch_Strafe_NE_IP.fbx using Guid(7885cbc3c99db904f8cbcbef82df1a0e) Importer(815301076,1909f56bfc062723c751e8b465ee728b) [PhysX] Initialized MultithreadedTaskDispatcher with 12 workers.
 -> (artifact id: '7d3c5af0fc3af955c261e416c1c4e0f2') in 0.003954 seconds
Number of updated asset objects reloaded before import = 0
Number of asset objects unloaded after import = 115
========================================================================
Received Import Request.
  Time since last request: 7.803390 seconds.
  path: Assets/Malbers Animations/Common/Human Anims/Dodge Roll/S_Dodge_Back_IP.fbx
  artifactKey: Guid(c3c16f9dbf2187449853ff16592b73c3) Importer(815301076,1909f56bfc062723c751e8b465ee728b)
Start importing Assets/Malbers Animations/Common/Human Anims/Dodge Roll/S_Dodge_Back_IP.fbx using Guid(c3c16f9dbf2187449853ff16592b73c3) Importer(815301076,1909f56bfc062723c751e8b465ee728b) [PhysX] Initialized MultithreadedTaskDispatcher with 12 workers.
 -> (artifact id: '3c68daff4aa8e681ed9e64b49a0f70b4') in 0.003739 seconds
Number of updated asset objects reloaded before import = 0
Number of asset objects unloaded after import = 115
========================================================================
Received Import Request.
  Time since last request: 0.000013 seconds.
  path: Assets/Malbers Animations/Common/Human Anims/Dodge Roll/S_Roll_Left.fbx
  artifactKey: Guid(bc0cf7d5633ae754bb37c6120b65f1a1) Importer(815301076,1909f56bfc062723c751e8b465ee728b)
Start importing Assets/Malbers Animations/Common/Human Anims/Dodge Roll/S_Roll_Left.fbx using Guid(bc0cf7d5633ae754bb37c6120b65f1a1) Importer(815301076,1909f56bfc062723c751e8b465ee728b) [PhysX] Initialized MultithreadedTaskDispatcher with 12 workers.
 -> (artifact id: '8ade61f0f0576426070bbf0fa0c5f62f') in 0.005018 seconds
Number of updated asset objects reloaded before import = 0
Number of asset objects unloaded after import = 115
========================================================================
Received Import Request.
  Time since last request: 22.631588 seconds.
  path: Assets/Malbers Animations/Common/Human Anims/Free Climb/H_Free_Climb_Down_0.fbx
  artifactKey: Guid(c2cd9666ce3afac49951175d00f50d11) Importer(815301076,1909f56bfc062723c751e8b465ee728b)
Start importing Assets/Malbers Animations/Common/Human Anims/Free Climb/H_Free_Climb_Down_0.fbx using Guid(c2cd9666ce3afac49951175d00f50d11) Importer(815301076,1909f56bfc062723c751e8b465ee728b) [PhysX] Initialized MultithreadedTaskDispatcher with 12 workers.
 -> (artifact id: '1b42c196cffb32fee0fa06cac706081f') in 0.003784 seconds
Number of updated asset objects reloaded before import = 0
Number of asset objects unloaded after import = 115
========================================================================
Received Import Request.
  Time since last request: 0.000015 seconds.
  path: Assets/Malbers Animations/Common/Human Anims/Free Climb/H_Free_Climb_Edge.fbx
  artifactKey: Guid(ac5fb50a496d94845a6efb565d26d267) Importer(815301076,1909f56bfc062723c751e8b465ee728b)
Start importing Assets/Malbers Animations/Common/Human Anims/Free Climb/H_Free_Climb_Edge.fbx using Guid(ac5fb50a496d94845a6efb565d26d267) Importer(815301076,1909f56bfc062723c751e8b465ee728b) [PhysX] Initialized MultithreadedTaskDispatcher with 12 workers.
 -> (artifact id: 'a8e0cd75e9c573de45b4f5ac3dd555aa') in 0.005957 seconds
Number of updated asset objects reloaded before import = 0
Number of asset objects unloaded after import = 117
========================================================================
Received Import Request.
  Time since last request: 0.000014 seconds.
  path: Assets/Malbers Animations/Common/Human Anims/Free Climb/H_Free_Climb_Drop_0.fbx
  artifactKey: Guid(2c6f2c9e6aa2e1246826f4101ad99707) Importer(815301076,1909f56bfc062723c751e8b465ee728b)
Start importing Assets/Malbers Animations/Common/Human Anims/Free Climb/H_Free_Climb_Drop_0.fbx using Guid(2c6f2c9e6aa2e1246826f4101ad99707) Importer(815301076,1909f56bfc062723c751e8b465ee728b) [PhysX] Initialized MultithreadedTaskDispatcher with 12 workers.
 -> (artifact id: '43c60aad215d26fd46d354c465038955') in 0.004339 seconds
Number of updated asset objects reloaded before import = 0
Number of asset objects unloaded after import = 115
========================================================================
Received Import Request.
  Time since last request: 0.000014 seconds.
  path: Assets/Malbers Animations/Common/Human Anims/Free Climb/H_Free_Climb_Idle_Center.fbx
  artifactKey: Guid(e59d4ca28539e5640b00985ee4fc8f29) Importer(815301076,1909f56bfc062723c751e8b465ee728b)
Start importing Assets/Malbers Animations/Common/Human Anims/Free Climb/H_Free_Climb_Idle_Center.fbx using Guid(e59d4ca28539e5640b00985ee4fc8f29) Importer(815301076,1909f56bfc062723c751e8b465ee728b) [PhysX] Initialized MultithreadedTaskDispatcher with 12 workers.
 -> (artifact id: '0239d7e06378bba491a96557a8ff96f2') in 0.003978 seconds
Number of updated asset objects reloaded before import = 0
Number of asset objects unloaded after import = 115
========================================================================
Received Import Request.
  Time since last request: 0.000014 seconds.
  path: Assets/Malbers Animations/Common/Human Anims/Free Climb/H_Free_Climb_North_East.fbx
  artifactKey: Guid(b281a6df26e58f645957db4fb5988008) Importer(815301076,1909f56bfc062723c751e8b465ee728b)
Start importing Assets/Malbers Animations/Common/Human Anims/Free Climb/H_Free_Climb_North_East.fbx using Guid(b281a6df26e58f645957db4fb5988008) Importer(815301076,1909f56bfc062723c751e8b465ee728b) [PhysX] Initialized MultithreadedTaskDispatcher with 12 workers.
 -> (artifact id: '5dbb032a203330eb1ccb670fcd5d9e91') in 0.004162 seconds
Number of updated asset objects reloaded before import = 0
Number of asset objects unloaded after import = 115
========================================================================
Received Import Request.
  Time since last request: 0.000014 seconds.
  path: Assets/Malbers Animations/Common/Human Anims/Free Climb/H_Free_Climb_Drop_180.fbx
  artifactKey: Guid(dfb1919d1c409dd4a8872108d796e694) Importer(815301076,1909f56bfc062723c751e8b465ee728b)
Start importing Assets/Malbers Animations/Common/Human Anims/Free Climb/H_Free_Climb_Drop_180.fbx using Guid(dfb1919d1c409dd4a8872108d796e694) Importer(815301076,1909f56bfc062723c751e8b465ee728b) [PhysX] Initialized MultithreadedTaskDispatcher with 12 workers.
 -> (artifact id: '52261692d8cae86e67387d3b315cbf05') in 0.003852 seconds
Number of updated asset objects reloaded before import = 0
Number of asset objects unloaded after import = 115
========================================================================
Received Import Request.
  Time since last request: 0.000015 seconds.
  path: Assets/Malbers Animations/Common/Human Anims/Free Climb/H_Free_Climb_South_East.fbx
  artifactKey: Guid(cfe012f0b882e5a4da2b4bc2d4d57028) Importer(815301076,1909f56bfc062723c751e8b465ee728b)
Start importing Assets/Malbers Animations/Common/Human Anims/Free Climb/H_Free_Climb_South_East.fbx using Guid(cfe012f0b882e5a4da2b4bc2d4d57028) Importer(815301076,1909f56bfc062723c751e8b465ee728b) [PhysX] Initialized MultithreadedTaskDispatcher with 12 workers.
 -> (artifact id: '0d1adaede3476f3cc5c03ccdf2fb8406') in 0.004031 seconds
Number of updated asset objects reloaded before import = 0
Number of asset objects unloaded after import = 115
========================================================================
Received Import Request.
  Time since last request: 0.000016 seconds.
  path: Assets/Malbers Animations/Common/Human Anims/Free Climb/H_Free_Climb_EnterGround.fbx
  artifactKey: Guid(10f33861820f1784db14a2aced8a89d1) Importer(815301076,1909f56bfc062723c751e8b465ee728b)
Start importing Assets/Malbers Animations/Common/Human Anims/Free Climb/H_Free_Climb_EnterGround.fbx using Guid(10f33861820f1784db14a2aced8a89d1) Importer(815301076,1909f56bfc062723c751e8b465ee728b) [PhysX] Initialized MultithreadedTaskDispatcher with 12 workers.
 -> (artifact id: '511f678c0e10ac108b076a014f902e91') in 0.003550 seconds
Number of updated asset objects reloaded before import = 0
Number of asset objects unloaded after import = 115
========================================================================
Received Import Request.
  Time since last request: 14.678759 seconds.
  path: Assets/Malbers Animations/Common/Human Anims/Glide/S_Glide_Enter.fbx
  artifactKey: Guid(27e6e5e17a84f8542a7fb53b6e5c4419) Importer(815301076,1909f56bfc062723c751e8b465ee728b)
Start importing Assets/Malbers Animations/Common/Human Anims/Glide/S_Glide_Enter.fbx using Guid(27e6e5e17a84f8542a7fb53b6e5c4419) Importer(815301076,1909f56bfc062723c751e8b465ee728b) [PhysX] Initialized MultithreadedTaskDispatcher with 12 workers.
 -> (artifact id: '08bcc770ef5300735b5da185ac2270ae') in 0.003831 seconds
Number of updated asset objects reloaded before import = 0
Number of asset objects unloaded after import = 115
========================================================================
Received Import Request.
  Time since last request: 0.000013 seconds.
  path: Assets/Malbers Animations/Common/Human Anims/Glide/S_Glide_High_Left_Umbrella.fbx
  artifactKey: Guid(d3823974fe29fa6439c1f859d31e17fb) Importer(815301076,1909f56bfc062723c751e8b465ee728b)
Start importing Assets/Malbers Animations/Common/Human Anims/Glide/S_Glide_High_Left_Umbrella.fbx using Guid(d3823974fe29fa6439c1f859d31e17fb) Importer(815301076,1909f56bfc062723c751e8b465ee728b) [PhysX] Initialized MultithreadedTaskDispatcher with 12 workers.
 -> (artifact id: 'e09f3c0b6d8aab6f29a01b807185a39e') in 0.004945 seconds
Number of updated asset objects reloaded before import = 0
Number of asset objects unloaded after import = 115
========================================================================
Received Import Request.
  Time since last request: 0.000016 seconds.
  path: Assets/Malbers Animations/Common/Human Anims/Glide/Umbrella.prefab
  artifactKey: Guid(803fd51f9abbb7341ac8e63b55366fc1) Importer(815301076,1909f56bfc062723c751e8b465ee728b)
Start importing Assets/Malbers Animations/Common/Human Anims/Glide/Umbrella.prefab using Guid(803fd51f9abbb7341ac8e63b55366fc1) Importer(815301076,1909f56bfc062723c751e8b465ee728b) [PhysX] Initialized MultithreadedTaskDispatcher with 12 workers.
[PhysX] Initialized MultithreadedTaskDispatcher with 12 workers.
 -> (artifact id: 'cec7d83f83b2b29ab05013fbff029323') in 0.066085 seconds
Number of updated asset objects reloaded before import = 0
Number of asset objects unloaded after import = 12
========================================================================
Received Import Request.
  Time since last request: 0.000026 seconds.
  path: Assets/Malbers Animations/Common/Human Anims/Glide/S_Glide_High.fbx
  artifactKey: Guid(a93eed996b0676946a724bfce43b653f) Importer(815301076,1909f56bfc062723c751e8b465ee728b)
Start importing Assets/Malbers Animations/Common/Human Anims/Glide/S_Glide_High.fbx using Guid(a93eed996b0676946a724bfce43b653f) Importer(815301076,1909f56bfc062723c751e8b465ee728b) [PhysX] Initialized MultithreadedTaskDispatcher with 12 workers.
 -> (artifact id: '27a3539aca0948a5ac84b7fc85e0c8b0') in 0.004832 seconds
Number of updated asset objects reloaded before import = 0
Number of asset objects unloaded after import = 115
========================================================================
Received Import Request.
  Time since last request: 0.000022 seconds.
  path: Assets/Malbers Animations/Common/Human Anims/Glide/S_Glide_High_Right_Umbrella.fbx
  artifactKey: Guid(415c25a7170765645952d285ce22a0f5) Importer(815301076,1909f56bfc062723c751e8b465ee728b)
Start importing Assets/Malbers Animations/Common/Human Anims/Glide/S_Glide_High_Right_Umbrella.fbx using Guid(415c25a7170765645952d285ce22a0f5) Importer(815301076,1909f56bfc062723c751e8b465ee728b) [PhysX] Initialized MultithreadedTaskDispatcher with 12 workers.
 -> (artifact id: '80270621c8dec5f65ec9c99b393a2501') in 0.004235 seconds
Number of updated asset objects reloaded before import = 0
Number of asset objects unloaded after import = 115
========================================================================
Received Import Request.
  Time since last request: 0.000018 seconds.
  path: Assets/Malbers Animations/Common/Human Anims/Glide/S_Glide_Low_Right_Umbrella.fbx
  artifactKey: Guid(c6165166ce7ce904e9f988f7cd58dd6f) Importer(815301076,1909f56bfc062723c751e8b465ee728b)
Start importing Assets/Malbers Animations/Common/Human Anims/Glide/S_Glide_Low_Right_Umbrella.fbx using Guid(c6165166ce7ce904e9f988f7cd58dd6f) Importer(815301076,1909f56bfc062723c751e8b465ee728b) [PhysX] Initialized MultithreadedTaskDispatcher with 12 workers.
 -> (artifact id: '2936630f8e4fbd35a9b83688e59314f8') in 0.004529 seconds
Number of updated asset objects reloaded before import = 0
Number of asset objects unloaded after import = 115
========================================================================
Received Import Request.
  Time since last request: 0.000014 seconds.
  path: Assets/Malbers Animations/Common/Human Anims/Glide/S_Glide_Low_Umbrella.fbx
  artifactKey: Guid(37667f0d09659f043b7c9dcc7a5e0b70) Importer(815301076,1909f56bfc062723c751e8b465ee728b)
Start importing Assets/Malbers Animations/Common/Human Anims/Glide/S_Glide_Low_Umbrella.fbx using Guid(37667f0d09659f043b7c9dcc7a5e0b70) Importer(815301076,1909f56bfc062723c751e8b465ee728b) [PhysX] Initialized MultithreadedTaskDispatcher with 12 workers.
 -> (artifact id: '711f5729cf99b4ad3026e304ee9f8e4a') in 0.005292 seconds
Number of updated asset objects reloaded before import = 0
Number of asset objects unloaded after import = 115
========================================================================
Received Import Request.
  Time since last request: 27.873550 seconds.
  path: Assets/Malbers Animations/Common/Human Anims/Slide/S_Slide_Left.fbx
  artifactKey: Guid(3f12d58c0c28fa74890ccfe87aff512b) Importer(815301076,1909f56bfc062723c751e8b465ee728b)
Start importing Assets/Malbers Animations/Common/Human Anims/Slide/S_Slide_Left.fbx using Guid(3f12d58c0c28fa74890ccfe87aff512b) Importer(815301076,1909f56bfc062723c751e8b465ee728b) [PhysX] Initialized MultithreadedTaskDispatcher with 12 workers.
 -> (artifact id: 'fa3e35b0616c7c697c4ab183036b1858') in 0.003889 seconds
Number of updated asset objects reloaded before import = 0
Number of asset objects unloaded after import = 115
========================================================================
Received Import Request.
  Time since last request: 0.000013 seconds.
  path: Assets/Malbers Animations/Common/Human Anims/Slide/S_Slide_Right.fbx
  artifactKey: Guid(84feef98f50376d4187e5f68ea66d521) Importer(815301076,1909f56bfc062723c751e8b465ee728b)
Start importing Assets/Malbers Animations/Common/Human Anims/Slide/S_Slide_Right.fbx using Guid(84feef98f50376d4187e5f68ea66d521) Importer(815301076,1909f56bfc062723c751e8b465ee728b) [PhysX] Initialized MultithreadedTaskDispatcher with 12 workers.
 -> (artifact id: '647ed3e6cd4ee886a32c21efdcaef67a') in 0.003639 seconds
Number of updated asset objects reloaded before import = 0
Number of asset objects unloaded after import = 115
========================================================================
Received Import Request.
  Time since last request: 26.066265 seconds.
  path: Assets/Malbers Animations/Common/Human Anims/Traversal/S_Step_Up_1M.fbx
  artifactKey: Guid(d3ed1cb817b795742bfc46645325e6fb) Importer(815301076,1909f56bfc062723c751e8b465ee728b)
Start importing Assets/Malbers Animations/Common/Human Anims/Traversal/S_Step_Up_1M.fbx using Guid(d3ed1cb817b795742bfc46645325e6fb) Importer(815301076,1909f56bfc062723c751e8b465ee728b) [PhysX] Initialized MultithreadedTaskDispatcher with 12 workers.
 -> (artifact id: '446ed33292ad765306182a6c9a9776d9') in 0.005426 seconds
Number of updated asset objects reloaded before import = 0
Number of asset objects unloaded after import = 115
========================================================================
Received Import Request.
  Time since last request: 0.000017 seconds.
  path: Assets/Malbers Animations/Common/Human Anims/Traversal/S_Vault_1M.fbx
  artifactKey: Guid(9b8a073d64c94fe4fba6fe72d3215a3e) Importer(815301076,1909f56bfc062723c751e8b465ee728b)
Start importing Assets/Malbers Animations/Common/Human Anims/Traversal/S_Vault_1M.fbx using Guid(9b8a073d64c94fe4fba6fe72d3215a3e) Importer(815301076,1909f56bfc062723c751e8b465ee728b) [PhysX] Initialized MultithreadedTaskDispatcher with 12 workers.
 -> (artifact id: 'f54fe14381d6055fa486f89387bfa0f2') in 0.004192 seconds
Number of updated asset objects reloaded before import = 0
Number of asset objects unloaded after import = 115
========================================================================
Received Import Request.
  Time since last request: 38.380071 seconds.
  path: Assets/Malbers Animations/Common/Human Anims/Zipline/S_Zipline_Low.fbx
  artifactKey: Guid(8026ef4f076b0464f921857c98858078) Importer(815301076,1909f56bfc062723c751e8b465ee728b)
Start importing Assets/Malbers Animations/Common/Human Anims/Zipline/S_Zipline_Low.fbx using Guid(8026ef4f076b0464f921857c98858078) Importer(815301076,1909f56bfc062723c751e8b465ee728b) [PhysX] Initialized MultithreadedTaskDispatcher with 12 workers.
 -> (artifact id: '0da11418065e9fb6112ee5c64c1cfd5a') in 0.013617 seconds
Number of updated asset objects reloaded before import = 0
Number of asset objects unloaded after import = 197
========================================================================
Received Import Request.
  Time since last request: 25.113272 seconds.
  path: Assets/Malbers Animations/Common/Human Anims/Hit/Hit_Right.fbx
  artifactKey: Guid(6610af357b7275247871f147f753b02c) Importer(815301076,1909f56bfc062723c751e8b465ee728b)
Start importing Assets/Malbers Animations/Common/Human Anims/Hit/Hit_Right.fbx using Guid(6610af357b7275247871f147f753b02c) Importer(815301076,1909f56bfc062723c751e8b465ee728b) [PhysX] Initialized MultithreadedTaskDispatcher with 12 workers.
 -> (artifact id: '40a8bd11e3196c5eefc2c2da243e33bd') in 0.004594 seconds
Number of updated asset objects reloaded before import = 0
Number of asset objects unloaded after import = 115
========================================================================
Received Import Request.
  Time since last request: 16.414522 seconds.
  path: Assets/Malbers Animations/Common/Human Anims/Locomotion/S_Jog_F2.fbx
  artifactKey: Guid(bbdcd14856b6bac4092588aee5cde614) Importer(815301076,1909f56bfc062723c751e8b465ee728b)
Start importing Assets/Malbers Animations/Common/Human Anims/Locomotion/S_Jog_F2.fbx using Guid(bbdcd14856b6bac4092588aee5cde614) Importer(815301076,1909f56bfc062723c751e8b465ee728b) [PhysX] Initialized MultithreadedTaskDispatcher with 12 workers.
 -> (artifact id: 'c59f502246f4dff8e0f34e5d0739b6f1') in 0.004451 seconds
Number of updated asset objects reloaded before import = 0
Number of asset objects unloaded after import = 115
========================================================================
Received Import Request.
  Time since last request: 0.000014 seconds.
  path: Assets/Malbers Animations/Common/Human Anims/Locomotion/S_Sprint_Start_W.fbx
  artifactKey: Guid(4ae3a46e44642604e96eeec7110ab35f) Importer(815301076,1909f56bfc062723c751e8b465ee728b)
Start importing Assets/Malbers Animations/Common/Human Anims/Locomotion/S_Sprint_Start_W.fbx using Guid(4ae3a46e44642604e96eeec7110ab35f) Importer(815301076,1909f56bfc062723c751e8b465ee728b) [PhysX] Initialized MultithreadedTaskDispatcher with 12 workers.
 -> (artifact id: '3fb2191ebfd72cca874fa88249c444e9') in 0.004317 seconds
Number of updated asset objects reloaded before import = 0
Number of asset objects unloaded after import = 115
========================================================================
Received Import Request.
  Time since last request: 0.000013 seconds.
  path: Assets/Malbers Animations/Common/Human Anims/Locomotion/S_Sprint.fbx
  artifactKey: Guid(ab163dec8ad003e4d805b833ca7c204e) Importer(815301076,1909f56bfc062723c751e8b465ee728b)
Start importing Assets/Malbers Animations/Common/Human Anims/Locomotion/S_Sprint.fbx using Guid(ab163dec8ad003e4d805b833ca7c204e) Importer(815301076,1909f56bfc062723c751e8b465ee728b) [PhysX] Initialized MultithreadedTaskDispatcher with 12 workers.
 -> (artifact id: '7c31290e06a258781fc33b55c572bc84') in 0.005184 seconds
Number of updated asset objects reloaded before import = 0
Number of asset objects unloaded after import = 115
========================================================================
Received Import Request.
  Time since last request: 0.000012 seconds.
  path: Assets/Malbers Animations/Common/Human Anims/Locomotion/S_Sprint_Start_S.fbx
  artifactKey: Guid(e0392b12d97a7c143945d15e22c7b2be) Importer(815301076,1909f56bfc062723c751e8b465ee728b)
Start importing Assets/Malbers Animations/Common/Human Anims/Locomotion/S_Sprint_Start_S.fbx using Guid(e0392b12d97a7c143945d15e22c7b2be) Importer(815301076,1909f56bfc062723c751e8b465ee728b) [PhysX] Initialized MultithreadedTaskDispatcher with 12 workers.
 -> (artifact id: 'aae1b6fc3c1b809c535a6bf418331107') in 0.004139 seconds
Number of updated asset objects reloaded before import = 0
Number of asset objects unloaded after import = 115
========================================================================
Received Import Request.
  Time since last request: 0.000016 seconds.
  path: Assets/Malbers Animations/Common/Human Anims/Locomotion/S_Sprint_Fast_Left.fbx
  artifactKey: Guid(f4c88195f688e284d93b1a6b45591e63) Importer(815301076,1909f56bfc062723c751e8b465ee728b)
Start importing Assets/Malbers Animations/Common/Human Anims/Locomotion/S_Sprint_Fast_Left.fbx using Guid(f4c88195f688e284d93b1a6b45591e63) Importer(815301076,1909f56bfc062723c751e8b465ee728b) [PhysX] Initialized MultithreadedTaskDispatcher with 12 workers.
 -> (artifact id: '4217768782c65c3dbab1d98c3efe6588') in 0.004298 seconds
Number of updated asset objects reloaded before import = 0
Number of asset objects unloaded after import = 115
========================================================================
Received Import Request.
  Time since last request: 0.000016 seconds.
  path: Assets/Malbers Animations/Common/Human Anims/Locomotion/S_Sprint_Start_E.fbx
  artifactKey: Guid(087d79722cf09ea45a596e0223156c92) Importer(815301076,1909f56bfc062723c751e8b465ee728b)
Start importing Assets/Malbers Animations/Common/Human Anims/Locomotion/S_Sprint_Start_E.fbx using Guid(087d79722cf09ea45a596e0223156c92) Importer(815301076,1909f56bfc062723c751e8b465ee728b) [PhysX] Initialized MultithreadedTaskDispatcher with 12 workers.
 -> (artifact id: '92fc21ecf86da24f5fd42d2da0d6a4f3') in 0.006478 seconds
Number of updated asset objects reloaded before import = 0
Number of asset objects unloaded after import = 115
========================================================================
Received Import Request.
  Time since last request: 19.010548 seconds.
  path: Assets/Malbers Animations/Common/Human Anims/Ladder/S_Ladder_Down_Enter.fbx
  artifactKey: Guid(767fba8e598113942a58a93cde079871) Importer(815301076,1909f56bfc062723c751e8b465ee728b)
Start importing Assets/Malbers Animations/Common/Human Anims/Ladder/S_Ladder_Down_Enter.fbx using Guid(767fba8e598113942a58a93cde079871) Importer(815301076,1909f56bfc062723c751e8b465ee728b) [PhysX] Initialized MultithreadedTaskDispatcher with 12 workers.
 -> (artifact id: '20cae700a2836fc153c87f8f8aec208d') in 0.005721 seconds
Number of updated asset objects reloaded before import = 0
Number of asset objects unloaded after import = 115
========================================================================
Received Import Request.
  Time since last request: 0.000013 seconds.
  path: Assets/Malbers Animations/Common/Human Anims/Ladder/S_Ladder_Idle_L.fbx
  artifactKey: Guid(7c570316443722846a4995f729e5d0f8) Importer(815301076,1909f56bfc062723c751e8b465ee728b)
Start importing Assets/Malbers Animations/Common/Human Anims/Ladder/S_Ladder_Idle_L.fbx using Guid(7c570316443722846a4995f729e5d0f8) Importer(815301076,1909f56bfc062723c751e8b465ee728b) [PhysX] Initialized MultithreadedTaskDispatcher with 12 workers.
 -> (artifact id: '62795cb68a9e701264528233fc3802ec') in 0.005215 seconds
Number of updated asset objects reloaded before import = 0
Number of asset objects unloaded after import = 115
========================================================================
Received Import Request.
  Time since last request: 0.000014 seconds.
  path: Assets/Malbers Animations/Common/Human Anims/Ladder/S_Ladder_Idle_R.fbx
  artifactKey: Guid(e470d4d0f97e6134dbad3ddfeaae1174) Importer(815301076,1909f56bfc062723c751e8b465ee728b)
Start importing Assets/Malbers Animations/Common/Human Anims/Ladder/S_Ladder_Idle_R.fbx using Guid(e470d4d0f97e6134dbad3ddfeaae1174) Importer(815301076,1909f56bfc062723c751e8b465ee728b) [PhysX] Initialized MultithreadedTaskDispatcher with 12 workers.
 -> (artifact id: '66e8d8cc94a7c7f7dc96d503b456a89a') in 0.004688 seconds
Number of updated asset objects reloaded before import = 0
Number of asset objects unloaded after import = 115
========================================================================
Received Import Request.
  Time since last request: 0.000014 seconds.
  path: Assets/Malbers Animations/Common/Human Anims/Ladder/S_Ladder_Up_Exit_L.fbx
  artifactKey: Guid(f6d6ad7895094004182217f50496d943) Importer(815301076,1909f56bfc062723c751e8b465ee728b)
Start importing Assets/Malbers Animations/Common/Human Anims/Ladder/S_Ladder_Up_Exit_L.fbx using Guid(f6d6ad7895094004182217f50496d943) Importer(815301076,1909f56bfc062723c751e8b465ee728b) [PhysX] Initialized MultithreadedTaskDispatcher with 12 workers.
 -> (artifact id: 'a801b58b7e63aab762a7b242577a8bb5') in 0.006632 seconds
Number of updated asset objects reloaded before import = 0
Number of asset objects unloaded after import = 115
========================================================================
Received Import Request.
  Time since last request: 5.831230 seconds.
  path: Assets/Malbers Animations/Common/Human Anims/PushPull/Pull_Idle.fbx
  artifactKey: Guid(0d60ccfeb2adba94798c33e2e65d8b59) Importer(815301076,1909f56bfc062723c751e8b465ee728b)
Start importing Assets/Malbers Animations/Common/Human Anims/PushPull/Pull_Idle.fbx using Guid(0d60ccfeb2adba94798c33e2e65d8b59) Importer(815301076,1909f56bfc062723c751e8b465ee728b) [PhysX] Initialized MultithreadedTaskDispatcher with 12 workers.
 -> (artifact id: '1acc38406400e53a0d1289a1d61dd00c') in 0.005414 seconds
Number of updated asset objects reloaded before import = 0
Number of asset objects unloaded after import = 115
========================================================================
Received Import Request.
  Time since last request: 0.000013 seconds.
  path: Assets/Malbers Animations/Common/Human Anims/PushPull/Push_Idle.fbx
  artifactKey: Guid(b7fa779346a3bda41904346782cdc19c) Importer(815301076,1909f56bfc062723c751e8b465ee728b)
Start importing Assets/Malbers Animations/Common/Human Anims/PushPull/Push_Idle.fbx using Guid(b7fa779346a3bda41904346782cdc19c) Importer(815301076,1909f56bfc062723c751e8b465ee728b) [PhysX] Initialized MultithreadedTaskDispatcher with 12 workers.
 -> (artifact id: '2f02ee5413f8de1c9907b41ffd0fe568') in 0.004427 seconds
Number of updated asset objects reloaded before import = 0
Number of asset objects unloaded after import = 115
========================================================================
Received Import Request.
  Time since last request: 0.000014 seconds.
  path: Assets/Malbers Animations/Common/Human Anims/PushPull/Push_Left.fbx
  artifactKey: Guid(8edf5226db9df094586660851fb3a599) Importer(815301076,1909f56bfc062723c751e8b465ee728b)
Start importing Assets/Malbers Animations/Common/Human Anims/PushPull/Push_Left.fbx using Guid(8edf5226db9df094586660851fb3a599) Importer(815301076,1909f56bfc062723c751e8b465ee728b) [PhysX] Initialized MultithreadedTaskDispatcher with 12 workers.
 -> (artifact id: 'd987aa3dfe4edb5e1883d0c9c6305484') in 0.004289 seconds
Number of updated asset objects reloaded before import = 0
Number of asset objects unloaded after import = 115
========================================================================
Received Import Request.
  Time since last request: 48.613800 seconds.
  path: Assets/Malbers Animations/Common/Human Anims/Actions/Sit/S_Idle_to_Sit_Front.fbx
  artifactKey: Guid(ea1400e337c82ee46be900fb8885a85e) Importer(815301076,1909f56bfc062723c751e8b465ee728b)
Start importing Assets/Malbers Animations/Common/Human Anims/Actions/Sit/S_Idle_to_Sit_Front.fbx using Guid(ea1400e337c82ee46be900fb8885a85e) Importer(815301076,1909f56bfc062723c751e8b465ee728b) [PhysX] Initialized MultithreadedTaskDispatcher with 12 workers.
 -> (artifact id: '1bb42a7b0e47ed2fc2e18a21829e6a2c') in 0.005073 seconds
Number of updated asset objects reloaded before import = 0
Number of asset objects unloaded after import = 115
========================================================================
Received Import Request.
  Time since last request: 0.000012 seconds.
  path: Assets/Malbers Animations/Common/Human Anims/Actions/Sit/S_Sit_to_Idle.fbx
  artifactKey: Guid(39e760d90667d7642873ec50376d6b4c) Importer(815301076,1909f56bfc062723c751e8b465ee728b)
Start importing Assets/Malbers Animations/Common/Human Anims/Actions/Sit/S_Sit_to_Idle.fbx using Guid(39e760d90667d7642873ec50376d6b4c) Importer(815301076,1909f56bfc062723c751e8b465ee728b) [PhysX] Initialized MultithreadedTaskDispatcher with 12 workers.
 -> (artifact id: '8236a1e9d307c5742da81e6b600f8578') in 0.004418 seconds
Number of updated asset objects reloaded before import = 0
Number of asset objects unloaded after import = 115
Editor requested this worker to shutdown with reason: Scaling down because of idle timeout
TcpMessagingSession - receive error: operation aborted. errorcode: 995, details: La operacin de E/S se anul por una salida de subproceso o por una solicitud de aplicacin.
AssetImportWorker is now disconnected from the server
Process exiting
Exiting without the bug reporter. Application will terminate with return code 0